1 227
2 188
3 368
4 51
5 456
6 5
7 127
8 190
9 310
10 411
11 3
12 283
13 313
14 67
15 511
16 299
17 459
18 424
19 328
20 141
21 211
22 304
23 233
24 281
25 324
26 15
27 176
28 361
29 134
30 154
31 195
32 389
33 405
34 457
35 448
36 458
37 434
38 295
39 17
40 272
41 487
42 201
43 84
44 83
45 332
46 100
47 108
48 404
49 128
50 30
51 321
52 481
53 257
54 50
55 191
56 440
57 412
58 461
59 400
60 463
61 432
62 255
63 185
64 236
65 150
66 135
67 31
68 327
69 37
70 471
71 367
72 354
73 490
74 444
75 116
76 358
77 43
78 495
79 353
80 382
81 396
82 181
83 476
84 93
85 208
86 138
87 7
88 260
89 409
90 276
91 309
92 493
93 179
94 330
95 355
96 289
97 510
98 431
99 395
100 144
101 390
102 489
103 375
104 348
105 491
106 106
107 113
108 247
109 174
110 379
111 403
112 486
113 480
114 65
115 243
116 349
117 259
118 439
119 388
120 87
121 36
122 137
123 11
124 166
125 142
126 426
127 1
128 26
129 70
130 246
131 169
132 284
133 381
134 118
135 256
136 32
137 224
138 149
139 237
140 217
141 502
142 451
143 97
144 74
145 472
146 374
147 145
148 507
149 209
150 182
151 122
152 445
153 338
154 143
155 407
156 38
157 64
158 91
159 10
160 117
161 101
162 316
163 200
164 415
165 378
166 452
167 437
168 408
169 94
170 446
171 223
172 68
173 161
174 331
175 252
176 352
177 238
178 261
179 410
180 357
181 314
182 315
183 232
184 414
185 136
186 266
187 280
188 376
189 455
190 273
191 270
192 107
193 112
194 499
195 339
196 245
197 360
198 53
199 203
200 234
201 49
202 76
203 509
204 199
205 356
206 297
207 482
208 114
209 156
210 291
211 453
212 119
213 347
214 465
215 366
216 73
217 323
218 230
219 160
220 21
221 86
222 342
223 406
224 125
225 305
226 377
227 318
228 307
229 497
230 57
231 466
232 193
233 425
234 41
235 470
236 4
237 483
238 479
239 337
240 501
241 42
242 264
243 294
244 477
245 269
246 90
247 498
248 505
249 60
250 418
251 251
252 164
253 34
254 277
255 279
256 282
257 503
258 235
259 467
260 225
261 492
262 103
263 111
264 121
265 263
266 52
267 71
268 80
269 402
270 454
271 131
272 488
273 148
274 430
275 363
276 147
277 126
278 474
279 183
280 293
281 469
282 416
283 62
284 485
285 413
286 401
287 287
288 392
289 18
290 438
291 109
292 2
293 320
294 308
295 345
296 66
297 386
298 359
299 152
300 303
301 422
302 512
303 222
304 380
305 99
306 155
307 16
308 278
309 292
310 115
311 204
312 242
313 298
314 301
315 373
316 102
317 275
318 475
319 78
320 506
321 178
322 39
323 194
324 423
325 464
326 192
327 162
328 240
329 250
330 290
331 271
332 372
333 175
334 433
335 104
336 105
337 253
338 9
339 56
340 180
341 59
342 120
343 258
344 322
345 369
346 312
347 420
348 48
349 231
350 447
351 212
352 186
353 132
354 346
355 443
356 72
357 198
358 35
359 82
360 286
361 55
362 40
363 296
364 336
365 45
366 484
367 239
368 462
369 146
370 285
371 306
372 187
373 20
374 334
375 189
376 205
377 387
378 419
379 95
380 177
381 61
382 170
383 350
384 213
385 215
386 262
387 229
388 335
389 397
390 417
391 197
392 153
393 340
394 184
395 508
396 214
397 254
398 218
399 75
400 473
401 478
402 450
403 151
404 365
405 22
406 140
407 8
408 220
409 241
410 85
411 133
412 500
413 383
414 436
415 207
416 92
417 14
418 216
419 371
420 54
421 172
422 24
423 28
424 19
425 58
426 163
427 29
428 13
429 69
430 228
431 326
432 384
433 110
434 317
435 449
436 274
437 6
438 265
439 96
440 88
441 249
442 468
443 421
444 79
445 399
446 429
447 351
448 158
449 370
450 173
451 329
452 167
453 267
454 210
455 202
456 159
457 196
458 398
459 157
460 168
461 139
462 494
463 311
464 23
465 206
466 47
467 25
468 391
469 129
470 302
471 300
472 496
473 46
474 33
475 319
476 385
477 221
478 248
479 89
480 344
481 44
482 333
483 435
484 130
485 77
486 12
487 171
488 165
489 244
490 441
491 123
492 226
493 325
494 364
495 98
496 219
497 63
498 427
499 362
500 341
501 81
502 442
503 27
504 394
505 124
506 504
507 460
508 393
509 268
510 288
511 428
512 343
